D:\D\DOCUMENTS\DEV\SRC\C\MYPROJECTS\APPLICATION\CODEVIEW\CODEVIEW_VC2010_20120305_1345\CODEVIEW\DEBUG\CHILDFRM.OBJ
D:\D\DOCUMENTS\DEV\SRC\C\MYPROJECTS\APPLICATION\CODEVIEW\CODEVIEW_VC2010_20120305_1345\CODEVIEW\DEBUG\CODEVIEW.EXE.EMBED.MANIFEST
D:\D\DOCUMENTS\DEV\SRC\C\MYPROJECTS\APPLICATION\CODEVIEW\CODEVIEW_VC2010_20120305_1345\CODEVIEW\DEBUG\CODEVIEW.EXE.EMBED.MANIFEST.RES
D:\D\DOCUMENTS\DEV\SRC\C\MYPROJECTS\APPLICATION\CODEVIEW\CODEVIEW_VC2010_20120305_1345\CODEVIEW\DEBUG\CODEVIEW.EXE.INTERMEDIATE.MANIFEST
D:\D\DOCUMENTS\DEV\SRC\C\MYPROJECTS\APPLICATION\CODEVIEW\CODEVIEW_VC2010_20120305_1345\CODEVIEW\DEBUG\CODEVIEW.OBJ
D:\D\DOCUMENTS\DEV\SRC\C\MYPROJECTS\APPLICATION\CODEVIEW\CODEVIEW_VC2010_20120305_1345\CODEVIEW\DEBUG\CODEVIEW.PCH
D:\D\DOCUMENTS\DEV\SRC\C\MYPROJECTS\APPLICATION\CODEVIEW\CODEVIEW_VC2010_20120305_1345\CODEVIEW\DEBUG\CODEVIEW.RES
D:\D\DOCUMENTS\DEV\SRC\C\MYPROJECTS\APPLICATION\CODEVIEW\CODEVIEW_VC2010_20120305_1345\CODEVIEW\DEBUG\CODEVIEWDOC.OBJ
D:\D\DOCUMENTS\DEV\SRC\C\MYPROJECTS\APPLICATION\CODEVIEW\CODEVIEW_VC2010_20120305_1345\CODEVIEW\DEBUG\CODEVIEWPOPUP1.OBJ
D:\D\DOCUMENTS\DEV\SRC\C\MYPROJECTS\APPLICATION\CODEVIEW\CODEVIEW_VC2010_20120305_1345\CODEVIEW\DEBUG\CODEVIEWVIEW.OBJ
D:\D\DOCUMENTS\DEV\SRC\C\MYPROJECTS\APPLICATION\CODEVIEW\CODEVIEW_VC2010_20120305_1345\CODEVIEW\DEBUG\GRIDCELL.OBJ
D:\D\DOCUMENTS\DEV\SRC\C\MYPROJECTS\APPLICATION\CODEVIEW\CODEVIEW_VC2010_20120305_1345\CODEVIEW\DEBUG\GRIDCELLBASE.OBJ
D:\D\DOCUMENTS\DEV\SRC\C\MYPROJECTS\APPLICATION\CODEVIEW\CODEVIEW_VC2010_20120305_1345\CODEVIEW\DEBUG\GRIDCELLNUMERIC.OBJ
D:\D\DOCUMENTS\DEV\SRC\C\MYPROJECTS\APPLICATION\CODEVIEW\CODEVIEW_VC2010_20120305_1345\CODEVIEW\DEBUG\GRIDCTRL.OBJ
D:\D\DOCUMENTS\DEV\SRC\C\MYPROJECTS\APPLICATION\CODEVIEW\CODEVIEW_VC2010_20120305_1345\CODEVIEW\DEBUG\GRIDDROPTARGET.OBJ
D:\D\DOCUMENTS\DEV\SRC\C\MYPROJECTS\APPLICATION\CODEVIEW\CODEVIEW_VC2010_20120305_1345\CODEVIEW\DEBUG\INPLACEEDIT.OBJ
D:\D\DOCUMENTS\DEV\SRC\C\MYPROJECTS\APPLICATION\CODEVIEW\CODEVIEW_VC2010_20120305_1345\CODEVIEW\DEBUG\MAINFRM.OBJ
D:\D\DOCUMENTS\DEV\SRC\C\MYPROJECTS\APPLICATION\CODEVIEW\CODEVIEW_VC2010_20120305_1345\CODEVIEW\DEBUG\STDAFX.OBJ
D:\D\DOCUMENTS\DEV\SRC\C\MYPROJECTS\APPLICATION\CODEVIEW\CODEVIEW_VC2010_20120305_1345\CODEVIEW\DEBUG\TITLETIP.OBJ
D:\D\DOCUMENTS\DEV\SRC\C\MYPROJECTS\APPLICATION\CODEVIEW\CODEVIEW_VC2010_20120305_1345\CODEVIEW\DEBUG\VC100.PDB
D:\D\DOCUMENTS\DEV\SRC\C\MYPROJECTS\APPLICATION\CODEVIEW\CODEVIEW_VC2010_20120305_1345\DEBUG\CODEVIEW.EXE
D:\D\DOCUMENTS\DEV\SRC\C\MYPROJECTS\APPLICATION\CODEVIEW\CODEVIEW_VC2010_20120305_1345\DEBUG\CODEVIEW.ILK
D:\D\DOCUMENTS\DEV\SRC\C\MYPROJECTS\APPLICATION\CODEVIEW\CODEVIEW_VC2010_20120305_1345\DEBUG\CODEVIEW.PDB
D:\D\DOCUMENTS\DEV\SRC\C\MYPROJECTS\APPLICATION\CODEVIEW\CODEVIEW_VC2010_20120305_1400\CODEVIEW\DEBUG\CHILDFRM.OBJ
D:\D\DOCUMENTS\DEV\SRC\C\MYPROJECTS\APPLICATION\CODEVIEW\CODEVIEW_VC2010_20120305_1400\CODEVIEW\DEBUG\CODEVIEW.EXE.EMBED.MANIFEST.RES
D:\D\DOCUMENTS\DEV\SRC\C\MYPROJECTS\APPLICATION\CODEVIEW\CODEVIEW_VC2010_20120305_1400\CODEVIEW\DEBUG\CODEVIEW.EXE.INTERMEDIATE.MANIFEST
D:\D\DOCUMENTS\DEV\SRC\C\MYPROJECTS\APPLICATION\CODEVIEW\CODEVIEW_VC2010_20120305_1400\CODEVIEW\DEBUG\CODEVIEW.OBJ
D:\D\DOCUMENTS\DEV\SRC\C\MYPROJECTS\APPLICATION\CODEVIEW\CODEVIEW_VC2010_20120305_1400\CODEVIEW\DEBUG\CODEVIEW.PCH
D:\D\DOCUMENTS\DEV\SRC\C\MYPROJECTS\APPLICATION\CODEVIEW\CODEVIEW_VC2010_20120305_1400\CODEVIEW\DEBUG\CODEVIEW.RES
D:\D\DOCUMENTS\DEV\SRC\C\MYPROJECTS\APPLICATION\CODEVIEW\CODEVIEW_VC2010_20120305_1400\CODEVIEW\DEBUG\CODEVIEWDOC.OBJ
D:\D\DOCUMENTS\DEV\SRC\C\MYPROJECTS\APPLICATION\CODEVIEW\CODEVIEW_VC2010_20120305_1400\CODEVIEW\DEBUG\CODEVIEWPOPUP1.OBJ
D:\D\DOCUMENTS\DEV\SRC\C\MYPROJECTS\APPLICATION\CODEVIEW\CODEVIEW_VC2010_20120305_1400\CODEVIEW\DEBUG\CODEVIEWVIEW.OBJ
D:\D\DOCUMENTS\DEV\SRC\C\MYPROJECTS\APPLICATION\CODEVIEW\CODEVIEW_VC2010_20120305_1400\CODEVIEW\DEBUG\GRIDCELL.OBJ
D:\D\DOCUMENTS\DEV\SRC\C\MYPROJECTS\APPLICATION\CODEVIEW\CODEVIEW_VC2010_20120305_1400\CODEVIEW\DEBUG\GRIDCELLBASE.OBJ
D:\D\DOCUMENTS\DEV\SRC\C\MYPROJECTS\APPLICATION\CODEVIEW\CODEVIEW_VC2010_20120305_1400\CODEVIEW\DEBUG\GRIDCELLNUMERIC.OBJ
D:\D\DOCUMENTS\DEV\SRC\C\MYPROJECTS\APPLICATION\CODEVIEW\CODEVIEW_VC2010_20120305_1400\CODEVIEW\DEBUG\GRIDCTRL.OBJ
D:\D\DOCUMENTS\DEV\SRC\C\MYPROJECTS\APPLICATION\CODEVIEW\CODEVIEW_VC2010_20120305_1400\CODEVIEW\DEBUG\GRIDDROPTARGET.OBJ
D:\D\DOCUMENTS\DEV\SRC\C\MYPROJECTS\APPLICATION\CODEVIEW\CODEVIEW_VC2010_20120305_1400\CODEVIEW\DEBUG\INPLACEEDIT.OBJ
D:\D\DOCUMENTS\DEV\SRC\C\MYPROJECTS\APPLICATION\CODEVIEW\CODEVIEW_VC2010_20120305_1400\CODEVIEW\DEBUG\MAINFRM.OBJ
D:\D\DOCUMENTS\DEV\SRC\C\MYPROJECTS\APPLICATION\CODEVIEW\CODEVIEW_VC2010_20120305_1400\CODEVIEW\DEBUG\STDAFX.OBJ
D:\D\DOCUMENTS\DEV\SRC\C\MYPROJECTS\APPLICATION\CODEVIEW\CODEVIEW_VC2010_20120305_1400\CODEVIEW\DEBUG\TITLETIP.OBJ
D:\D\DOCUMENTS\DEV\SRC\C\MYPROJECTS\APPLICATION\CODEVIEW\CODEVIEW_VC2010_20120305_1400\CODEVIEW\DEBUG\VC100.PDB
D:\D\DOCUMENTS\DEV\SRC\C\MYPROJECTS\APPLICATION\CODEVIEW\CODEVIEW_VC2010_20120305_1400\DEBUG\CODEVIEW.EXE
D:\D\DOCUMENTS\DEV\SRC\C\MYPROJECTS\APPLICATION\CODEVIEW\CODEVIEW_VC2010_20120305_1400\DEBUG\CODEVIEW.ILK
D:\D\DOCUMENTS\DEV\SRC\C\MYPROJECTS\APPLICATION\CODEVIEW\CODEVIEW_VC2010_20120305_1400\DEBUG\CODEVIEW.PDB
D:\D\DOCUMENTS\DEV\SRC\C\MYPROJECTS\APPLICATION\CODEVIEW\CODEVIEW_VC2010_20120306_0850\CODEVIEW\DEBUG\CHILDFRM.OBJ
D:\D\DOCUMENTS\DEV\SRC\C\MYPROJECTS\APPLICATION\CODEVIEW\CODEVIEW_VC2010_20120306_0850\CODEVIEW\DEBUG\CODEVIEW.EXE.EMBED.MANIFEST.RES
D:\D\DOCUMENTS\DEV\SRC\C\MYPROJECTS\APPLICATION\CODEVIEW\CODEVIEW_VC2010_20120306_0850\CODEVIEW\DEBUG\CODEVIEW.EXE.INTERMEDIATE.MANIFEST
D:\D\DOCUMENTS\DEV\SRC\C\MYPROJECTS\APPLICATION\CODEVIEW\CODEVIEW_VC2010_20120306_0850\CODEVIEW\DEBUG\CODEVIEW.OBJ
D:\D\DOCUMENTS\DEV\SRC\C\MYPROJECTS\APPLICATION\CODEVIEW\CODEVIEW_VC2010_20120306_0850\CODEVIEW\DEBUG\CODEVIEW.PCH
D:\D\DOCUMENTS\DEV\SRC\C\MYPROJECTS\APPLICATION\CODEVIEW\CODEVIEW_VC2010_20120306_0850\CODEVIEW\DEBUG\CODEVIEW.RES
D:\D\DOCUMENTS\DEV\SRC\C\MYPROJECTS\APPLICATION\CODEVIEW\CODEVIEW_VC2010_20120306_0850\CODEVIEW\DEBUG\CODEVIEWDOC.OBJ
D:\D\DOCUMENTS\DEV\SRC\C\MYPROJECTS\APPLICATION\CODEVIEW\CODEVIEW_VC2010_20120306_0850\CODEVIEW\DEBUG\CODEVIEWPOPUP1.OBJ
D:\D\DOCUMENTS\DEV\SRC\C\MYPROJECTS\APPLICATION\CODEVIEW\CODEVIEW_VC2010_20120306_0850\CODEVIEW\DEBUG\CODEVIEWVIEW.OBJ
D:\D\DOCUMENTS\DEV\SRC\C\MYPROJECTS\APPLICATION\CODEVIEW\CODEVIEW_VC2010_20120306_0850\CODEVIEW\DEBUG\GRIDCELL.OBJ
D:\D\DOCUMENTS\DEV\SRC\C\MYPROJECTS\APPLICATION\CODEVIEW\CODEVIEW_VC2010_20120306_0850\CODEVIEW\DEBUG\GRIDCELLBASE.OBJ
D:\D\DOCUMENTS\DEV\SRC\C\MYPROJECTS\APPLICATION\CODEVIEW\CODEVIEW_VC2010_20120306_0850\CODEVIEW\DEBUG\GRIDCELLNUMERIC.OBJ
D:\D\DOCUMENTS\DEV\SRC\C\MYPROJECTS\APPLICATION\CODEVIEW\CODEVIEW_VC2010_20120306_0850\CODEVIEW\DEBUG\GRIDCTRL.OBJ
D:\D\DOCUMENTS\DEV\SRC\C\MYPROJECTS\APPLICATION\CODEVIEW\CODEVIEW_VC2010_20120306_0850\CODEVIEW\DEBUG\GRIDDROPTARGET.OBJ
D:\D\DOCUMENTS\DEV\SRC\C\MYPROJECTS\APPLICATION\CODEVIEW\CODEVIEW_VC2010_20120306_0850\CODEVIEW\DEBUG\INPLACEEDIT.OBJ
D:\D\DOCUMENTS\DEV\SRC\C\MYPROJECTS\APPLICATION\CODEVIEW\CODEVIEW_VC2010_20120306_0850\CODEVIEW\DEBUG\MAINFRM.OBJ
D:\D\DOCUMENTS\DEV\SRC\C\MYPROJECTS\APPLICATION\CODEVIEW\CODEVIEW_VC2010_20120306_0850\CODEVIEW\DEBUG\STDAFX.OBJ
D:\D\DOCUMENTS\DEV\SRC\C\MYPROJECTS\APPLICATION\CODEVIEW\CODEVIEW_VC2010_20120306_0850\CODEVIEW\DEBUG\TITLETIP.OBJ
D:\D\DOCUMENTS\DEV\SRC\C\MYPROJECTS\APPLICATION\CODEVIEW\CODEVIEW_VC2010_20120306_0850\CODEVIEW\DEBUG\VC100.PDB
D:\D\DOCUMENTS\DEV\SRC\C\MYPROJECTS\APPLICATION\CODEVIEW\CODEVIEW_VC2010_20120306_0850\DEBUG\CODEVIEW.EXE
D:\D\DOCUMENTS\DEV\SRC\C\MYPROJECTS\APPLICATION\CODEVIEW\CODEVIEW_VC2010_20120306_0850\DEBUG\CODEVIEW.ILK
D:\D\DOCUMENTS\DEV\SRC\C\MYPROJECTS\APPLICATION\CODEVIEW\CODEVIEW_VC2010_20120306_0850\DEBUG\CODEVIEW.PDB
D:\D\DOCUMENTS\DEV\SRC\C\MYPROJECTS\APPLICATION\CODEVIEW\CODEVIEW_VC2010_20120306_1050\CODEVIEW\DEBUG\CHILDFRM.OBJ
D:\D\DOCUMENTS\DEV\SRC\C\MYPROJECTS\APPLICATION\CODEVIEW\CODEVIEW_VC2010_20120306_1050\CODEVIEW\DEBUG\CODEVIEW.EXE.EMBED.MANIFEST.RES
D:\D\DOCUMENTS\DEV\SRC\C\MYPROJECTS\APPLICATION\CODEVIEW\CODEVIEW_VC2010_20120306_1050\CODEVIEW\DEBUG\CODEVIEW.EXE.INTERMEDIATE.MANIFEST
D:\D\DOCUMENTS\DEV\SRC\C\MYPROJECTS\APPLICATION\CODEVIEW\CODEVIEW_VC2010_20120306_1050\CODEVIEW\DEBUG\CODEVIEW.OBJ
D:\D\DOCUMENTS\DEV\SRC\C\MYPROJECTS\APPLICATION\CODEVIEW\CODEVIEW_VC2010_20120306_1050\CODEVIEW\DEBUG\CODEVIEW.PCH
D:\D\DOCUMENTS\DEV\SRC\C\MYPROJECTS\APPLICATION\CODEVIEW\CODEVIEW_VC2010_20120306_1050\CODEVIEW\DEBUG\CODEVIEW.RES
D:\D\DOCUMENTS\DEV\SRC\C\MYPROJECTS\APPLICATION\CODEVIEW\CODEVIEW_VC2010_20120306_1050\CODEVIEW\DEBUG\CODEVIEWDOC.OBJ
D:\D\DOCUMENTS\DEV\SRC\C\MYPROJECTS\APPLICATION\CODEVIEW\CODEVIEW_VC2010_20120306_1050\CODEVIEW\DEBUG\CODEVIEWPOPUP1.OBJ
D:\D\DOCUMENTS\DEV\SRC\C\MYPROJECTS\APPLICATION\CODEVIEW\CODEVIEW_VC2010_20120306_1050\CODEVIEW\DEBUG\CODEVIEWVIEW.OBJ
D:\D\DOCUMENTS\DEV\SRC\C\MYPROJECTS\APPLICATION\CODEVIEW\CODEVIEW_VC2010_20120306_1050\CODEVIEW\DEBUG\GRIDCELL.OBJ
D:\D\DOCUMENTS\DEV\SRC\C\MYPROJECTS\APPLICATION\CODEVIEW\CODEVIEW_VC2010_20120306_1050\CODEVIEW\DEBUG\GRIDCELLBASE.OBJ
D:\D\DOCUMENTS\DEV\SRC\C\MYPROJECTS\APPLICATION\CODEVIEW\CODEVIEW_VC2010_20120306_1050\CODEVIEW\DEBUG\GRIDCELLNUMERIC.OBJ
D:\D\DOCUMENTS\DEV\SRC\C\MYPROJECTS\APPLICATION\CODEVIEW\CODEVIEW_VC2010_20120306_1050\CODEVIEW\DEBUG\GRIDCTRL.OBJ
D:\D\DOCUMENTS\DEV\SRC\C\MYPROJECTS\APPLICATION\CODEVIEW\CODEVIEW_VC2010_20120306_1050\CODEVIEW\DEBUG\GRIDDROPTARGET.OBJ
D:\D\DOCUMENTS\DEV\SRC\C\MYPROJECTS\APPLICATION\CODEVIEW\CODEVIEW_VC2010_20120306_1050\CODEVIEW\DEBUG\INPLACEEDIT.OBJ
D:\D\DOCUMENTS\DEV\SRC\C\MYPROJECTS\APPLICATION\CODEVIEW\CODEVIEW_VC2010_20120306_1050\CODEVIEW\DEBUG\MAINFRM.OBJ
D:\D\DOCUMENTS\DEV\SRC\C\MYPROJECTS\APPLICATION\CODEVIEW\CODEVIEW_VC2010_20120306_1050\CODEVIEW\DEBUG\STDAFX.OBJ
D:\D\DOCUMENTS\DEV\SRC\C\MYPROJECTS\APPLICATION\CODEVIEW\CODEVIEW_VC2010_20120306_1050\CODEVIEW\DEBUG\TITLETIP.OBJ
D:\D\DOCUMENTS\DEV\SRC\C\MYPROJECTS\APPLICATION\CODEVIEW\CODEVIEW_VC2010_20120306_1050\CODEVIEW\DEBUG\VC100.PDB
D:\D\DOCUMENTS\DEV\SRC\C\MYPROJECTS\APPLICATION\CODEVIEW\CODEVIEW_VC2010_20120306_1050\DEBUG\CODEVIEW.EXE
D:\D\DOCUMENTS\DEV\SRC\C\MYPROJECTS\APPLICATION\CODEVIEW\CODEVIEW_VC2010_20120306_1050\DEBUG\CODEVIEW.ILK
D:\D\DOCUMENTS\DEV\SRC\C\MYPROJECTS\APPLICATION\CODEVIEW\CODEVIEW_VC2010_20120306_1050\DEBUG\CODEVIEW.PDB
D:\D\DOCUMENTS\DEV\SRC\C\MYPROJECTS\APPLICATION\CODEVIEW\CODEVIEW_VC2010_20120307_1450\CODEVIEW\DEBUG\CHILDFRM.OBJ
D:\d\Documents\dev\src\c\MyProjects\application\codeView\codeView_vc2010_20120307_1450\CodeView\Debug\cl.command.1.tlog
D:\d\Documents\dev\src\c\MyProjects\application\codeView\codeView_vc2010_20120307_1450\CodeView\Debug\CL.read.1.tlog
D:\d\Documents\dev\src\c\MyProjects\application\codeView\codeView_vc2010_20120307_1450\CodeView\Debug\CL.write.1.tlog
D:\d\Documents\dev\src\c\MyProjects\application\codeView\codeView_vc2010_20120307_1450\CodeView\Debug\CodeView.exe.embed.manifest
D:\D\DOCUMENTS\DEV\SRC\C\MYPROJECTS\APPLICATION\CODEVIEW\CODEVIEW_VC2010_20120307_1450\CODEVIEW\DEBUG\CODEVIEW.EXE.EMBED.MANIFEST.RES
D:\D\DOCUMENTS\DEV\SRC\C\MYPROJECTS\APPLICATION\CODEVIEW\CODEVIEW_VC2010_20120307_1450\CODEVIEW\DEBUG\CODEVIEW.EXE.INTERMEDIATE.MANIFEST
D:\D\DOCUMENTS\DEV\SRC\C\MYPROJECTS\APPLICATION\CODEVIEW\CODEVIEW_VC2010_20120307_1450\CODEVIEW\DEBUG\CODEVIEW.OBJ
D:\D\DOCUMENTS\DEV\SRC\C\MYPROJECTS\APPLICATION\CODEVIEW\CODEVIEW_VC2010_20120307_1450\CODEVIEW\DEBUG\CODEVIEW.PCH
D:\D\DOCUMENTS\DEV\SRC\C\MYPROJECTS\APPLICATION\CODEVIEW\CODEVIEW_VC2010_20120307_1450\CODEVIEW\DEBUG\CODEVIEW.RES
D:\d\Documents\dev\src\c\MyProjects\application\codeView\codeView_vc2010_20120307_1450\CodeView\Debug\CodeView_manifest.rc
D:\D\DOCUMENTS\DEV\SRC\C\MYPROJECTS\APPLICATION\CODEVIEW\CODEVIEW_VC2010_20120307_1450\CODEVIEW\DEBUG\CODEVIEWDOC.OBJ
D:\D\DOCUMENTS\DEV\SRC\C\MYPROJECTS\APPLICATION\CODEVIEW\CODEVIEW_VC2010_20120307_1450\CODEVIEW\DEBUG\CODEVIEWPOPUP1.OBJ
D:\D\DOCUMENTS\DEV\SRC\C\MYPROJECTS\APPLICATION\CODEVIEW\CODEVIEW_VC2010_20120307_1450\CODEVIEW\DEBUG\CODEVIEWVIEW.OBJ
D:\D\DOCUMENTS\DEV\SRC\C\MYPROJECTS\APPLICATION\CODEVIEW\CODEVIEW_VC2010_20120307_1450\CODEVIEW\DEBUG\GRIDCELL.OBJ
D:\D\DOCUMENTS\DEV\SRC\C\MYPROJECTS\APPLICATION\CODEVIEW\CODEVIEW_VC2010_20120307_1450\CODEVIEW\DEBUG\GRIDCELLBASE.OBJ
D:\D\DOCUMENTS\DEV\SRC\C\MYPROJECTS\APPLICATION\CODEVIEW\CODEVIEW_VC2010_20120307_1450\CODEVIEW\DEBUG\GRIDCELLNUMERIC.OBJ
D:\D\DOCUMENTS\DEV\SRC\C\MYPROJECTS\APPLICATION\CODEVIEW\CODEVIEW_VC2010_20120307_1450\CODEVIEW\DEBUG\GRIDCTRL.OBJ
D:\D\DOCUMENTS\DEV\SRC\C\MYPROJECTS\APPLICATION\CODEVIEW\CODEVIEW_VC2010_20120307_1450\CODEVIEW\DEBUG\GRIDDROPTARGET.OBJ
D:\D\DOCUMENTS\DEV\SRC\C\MYPROJECTS\APPLICATION\CODEVIEW\CODEVIEW_VC2010_20120307_1450\CODEVIEW\DEBUG\INPLACEEDIT.OBJ
D:\d\Documents\dev\src\c\MyProjects\application\codeView\codeView_vc2010_20120307_1450\CodeView\Debug\link.4136.read.1.tlog
D:\d\Documents\dev\src\c\MyProjects\application\codeView\codeView_vc2010_20120307_1450\CodeView\Debug\link.4136.write.1.tlog
D:\d\Documents\dev\src\c\MyProjects\application\codeView\codeView_vc2010_20120307_1450\CodeView\Debug\link.4136-cvtres.read.1.tlog
D:\d\Documents\dev\src\c\MyProjects\application\codeView\codeView_vc2010_20120307_1450\CodeView\Debug\link.4136-cvtres.write.1.tlog
D:\d\Documents\dev\src\c\MyProjects\application\codeView\codeView_vc2010_20120307_1450\CodeView\Debug\link.7072.read.1.tlog
D:\d\Documents\dev\src\c\MyProjects\application\codeView\codeView_vc2010_20120307_1450\CodeView\Debug\link.7072.write.1.tlog
D:\d\Documents\dev\src\c\MyProjects\application\codeView\codeView_vc2010_20120307_1450\CodeView\Debug\link.7072-cvtres.read.1.tlog
D:\d\Documents\dev\src\c\MyProjects\application\codeView\codeView_vc2010_20120307_1450\CodeView\Debug\link.7072-cvtres.write.1.tlog
D:\d\Documents\dev\src\c\MyProjects\application\codeView\codeView_vc2010_20120307_1450\CodeView\Debug\link.7092.read.1.tlog
D:\d\Documents\dev\src\c\MyProjects\application\codeView\codeView_vc2010_20120307_1450\CodeView\Debug\link.7092.write.1.tlog
D:\d\Documents\dev\src\c\MyProjects\application\codeView\codeView_vc2010_20120307_1450\CodeView\Debug\link.7092-cvtres.read.1.tlog
D:\d\Documents\dev\src\c\MyProjects\application\codeView\codeView_vc2010_20120307_1450\CodeView\Debug\link.7092-cvtres.write.1.tlog
D:\d\Documents\dev\src\c\MyProjects\application\codeView\codeView_vc2010_20120307_1450\CodeView\Debug\link.command.1.tlog
D:\d\Documents\dev\src\c\MyProjects\application\codeView\codeView_vc2010_20120307_1450\CodeView\Debug\link.read.1.tlog
D:\d\Documents\dev\src\c\MyProjects\application\codeView\codeView_vc2010_20120307_1450\CodeView\Debug\link.write.1.tlog
D:\d\Documents\dev\src\c\MyProjects\application\codeView\codeView_vc2010_20120307_1450\CodeView\Debug\link-cvtres.read.1.tlog
D:\d\Documents\dev\src\c\MyProjects\application\codeView\codeView_vc2010_20120307_1450\CodeView\Debug\link-cvtres.write.1.tlog
D:\D\DOCUMENTS\DEV\SRC\C\MYPROJECTS\APPLICATION\CODEVIEW\CODEVIEW_VC2010_20120307_1450\CODEVIEW\DEBUG\MAINFRM.OBJ
D:\d\Documents\dev\src\c\MyProjects\application\codeView\codeView_vc2010_20120307_1450\CodeView\Debug\mt.command.1.tlog
D:\d\Documents\dev\src\c\MyProjects\application\codeView\codeView_vc2010_20120307_1450\CodeView\Debug\mt.read.1.tlog
D:\d\Documents\dev\src\c\MyProjects\application\codeView\codeView_vc2010_20120307_1450\CodeView\Debug\mt.write.1.tlog
D:\d\Documents\dev\src\c\MyProjects\application\codeView\codeView_vc2010_20120307_1450\CodeView\Debug\rc.command.1.tlog
D:\d\Documents\dev\src\c\MyProjects\application\codeView\codeView_vc2010_20120307_1450\CodeView\Debug\rc.read.1.tlog
D:\d\Documents\dev\src\c\MyProjects\application\codeView\codeView_vc2010_20120307_1450\CodeView\Debug\rc.write.1.tlog
D:\D\DOCUMENTS\DEV\SRC\C\MYPROJECTS\APPLICATION\CODEVIEW\CODEVIEW_VC2010_20120307_1450\CODEVIEW\DEBUG\STDAFX.OBJ
D:\D\DOCUMENTS\DEV\SRC\C\MYPROJECTS\APPLICATION\CODEVIEW\CODEVIEW_VC2010_20120307_1450\CODEVIEW\DEBUG\TITLETIP.OBJ
D:\d\Documents\dev\src\c\MyProjects\application\codeView\codeView_vc2010_20120307_1450\CodeView\Debug\vc100.idb
D:\D\DOCUMENTS\DEV\SRC\C\MYPROJECTS\APPLICATION\CODEVIEW\CODEVIEW_VC2010_20120307_1450\CODEVIEW\DEBUG\VC100.PDB
D:\D\DOCUMENTS\DEV\SRC\C\MYPROJECTS\APPLICATION\CODEVIEW\CODEVIEW_VC2010_20120307_1450\DEBUG\CODEVIEW.EXE
D:\D\DOCUMENTS\DEV\SRC\C\MYPROJECTS\APPLICATION\CODEVIEW\CODEVIEW_VC2010_20120307_1450\DEBUG\CODEVIEW.ILK
D:\D\DOCUMENTS\DEV\SRC\C\MYPROJECTS\APPLICATION\CODEVIEW\CODEVIEW_VC2010_20120307_1450\DEBUG\CODEVIEW.PDB
