D:\D\DOCUMENTS\DEV\SRC\C\MYPROJECTS\APPLICATION\CODEVIEW\CODEVIEW_VC2010_20110916_1400\CODEVIEW\RELEASE\CHILDFRM.OBJ
D:\D\DOCUMENTS\DEV\SRC\C\MYPROJECTS\APPLICATION\CODEVIEW\CODEVIEW_VC2010_20110916_1400\CODEVIEW\RELEASE\CODEVIEW.EXE.INTERMEDIATE.MANIFEST
D:\D\DOCUMENTS\DEV\SRC\C\MYPROJECTS\APPLICATION\CODEVIEW\CODEVIEW_VC2010_20110916_1400\CODEVIEW\RELEASE\CODEVIEW.OBJ
D:\D\DOCUMENTS\DEV\SRC\C\MYPROJECTS\APPLICATION\CODEVIEW\CODEVIEW_VC2010_20110916_1400\CODEVIEW\RELEASE\CODEVIEW.PCH
D:\D\DOCUMENTS\DEV\SRC\C\MYPROJECTS\APPLICATION\CODEVIEW\CODEVIEW_VC2010_20110916_1400\CODEVIEW\RELEASE\CODEVIEW.RES
D:\D\DOCUMENTS\DEV\SRC\C\MYPROJECTS\APPLICATION\CODEVIEW\CODEVIEW_VC2010_20110916_1400\CODEVIEW\RELEASE\CODEVIEWDOC.OBJ
D:\D\DOCUMENTS\DEV\SRC\C\MYPROJECTS\APPLICATION\CODEVIEW\CODEVIEW_VC2010_20110916_1400\CODEVIEW\RELEASE\CODEVIEWVIEW.OBJ
D:\D\DOCUMENTS\DEV\SRC\C\MYPROJECTS\APPLICATION\CODEVIEW\CODEVIEW_VC2010_20110916_1400\CODEVIEW\RELEASE\GRIDCELL.OBJ
D:\D\DOCUMENTS\DEV\SRC\C\MYPROJECTS\APPLICATION\CODEVIEW\CODEVIEW_VC2010_20110916_1400\CODEVIEW\RELEASE\GRIDCELLBASE.OBJ
D:\D\DOCUMENTS\DEV\SRC\C\MYPROJECTS\APPLICATION\CODEVIEW\CODEVIEW_VC2010_20110916_1400\CODEVIEW\RELEASE\GRIDCTRL.OBJ
D:\D\DOCUMENTS\DEV\SRC\C\MYPROJECTS\APPLICATION\CODEVIEW\CODEVIEW_VC2010_20110916_1400\CODEVIEW\RELEASE\GRIDDROPTARGET.OBJ
D:\D\DOCUMENTS\DEV\SRC\C\MYPROJECTS\APPLICATION\CODEVIEW\CODEVIEW_VC2010_20110916_1400\CODEVIEW\RELEASE\INPLACEEDIT.OBJ
D:\D\DOCUMENTS\DEV\SRC\C\MYPROJECTS\APPLICATION\CODEVIEW\CODEVIEW_VC2010_20110916_1400\CODEVIEW\RELEASE\MAINFRM.OBJ
D:\D\DOCUMENTS\DEV\SRC\C\MYPROJECTS\APPLICATION\CODEVIEW\CODEVIEW_VC2010_20110916_1400\CODEVIEW\RELEASE\STDAFX.OBJ
D:\D\DOCUMENTS\DEV\SRC\C\MYPROJECTS\APPLICATION\CODEVIEW\CODEVIEW_VC2010_20110916_1400\CODEVIEW\RELEASE\TITLETIP.OBJ
D:\D\DOCUMENTS\DEV\SRC\C\MYPROJECTS\APPLICATION\CODEVIEW\CODEVIEW_VC2010_20110916_1400\CODEVIEW\RELEASE\VC100.PDB
D:\D\DOCUMENTS\DEV\SRC\C\MYPROJECTS\APPLICATION\CODEVIEW\CODEVIEW_VC2010_20110916_1400\RELEASE\CODEVIEW.EXE
D:\D\DOCUMENTS\DEV\SRC\C\MYPROJECTS\APPLICATION\CODEVIEW\CODEVIEW_VC2010_20110916_1400\RELEASE\CODEVIEW.PDB
D:\D\DOCUMENTS\DEV\SRC\C\MYPROJECTS\APPLICATION\CODEVIEW\CODEVIEW_VC2010_20110930_0900\CODEVIEW\RELEASE\CHILDFRM.OBJ
D:\d\Documents\dev\src\c\MyProjects\application\codeView\codeView_vc2010_20110930_0900\CodeView\Release\cl.command.1.tlog
D:\d\Documents\dev\src\c\MyProjects\application\codeView\codeView_vc2010_20110930_0900\CodeView\Release\CL.read.1.tlog
D:\d\Documents\dev\src\c\MyProjects\application\codeView\codeView_vc2010_20110930_0900\CodeView\Release\CL.write.1.tlog
D:\D\DOCUMENTS\DEV\SRC\C\MYPROJECTS\APPLICATION\CODEVIEW\CODEVIEW_VC2010_20110930_0900\CODEVIEW\RELEASE\CODEVIEW.EXE.INTERMEDIATE.MANIFEST
D:\D\DOCUMENTS\DEV\SRC\C\MYPROJECTS\APPLICATION\CODEVIEW\CODEVIEW_VC2010_20110930_0900\CODEVIEW\RELEASE\CODEVIEW.OBJ
D:\D\DOCUMENTS\DEV\SRC\C\MYPROJECTS\APPLICATION\CODEVIEW\CODEVIEW_VC2010_20110930_0900\CODEVIEW\RELEASE\CODEVIEW.PCH
D:\D\DOCUMENTS\DEV\SRC\C\MYPROJECTS\APPLICATION\CODEVIEW\CODEVIEW_VC2010_20110930_0900\CODEVIEW\RELEASE\CODEVIEW.RES
D:\D\DOCUMENTS\DEV\SRC\C\MYPROJECTS\APPLICATION\CODEVIEW\CODEVIEW_VC2010_20110930_0900\CODEVIEW\RELEASE\CODEVIEWDOC.OBJ
D:\D\DOCUMENTS\DEV\SRC\C\MYPROJECTS\APPLICATION\CODEVIEW\CODEVIEW_VC2010_20110930_0900\CODEVIEW\RELEASE\CODEVIEWVIEW.OBJ
D:\D\DOCUMENTS\DEV\SRC\C\MYPROJECTS\APPLICATION\CODEVIEW\CODEVIEW_VC2010_20110930_0900\CODEVIEW\RELEASE\GRIDCELL.OBJ
D:\D\DOCUMENTS\DEV\SRC\C\MYPROJECTS\APPLICATION\CODEVIEW\CODEVIEW_VC2010_20110930_0900\CODEVIEW\RELEASE\GRIDCELLBASE.OBJ
D:\D\DOCUMENTS\DEV\SRC\C\MYPROJECTS\APPLICATION\CODEVIEW\CODEVIEW_VC2010_20110930_0900\CODEVIEW\RELEASE\GRIDCTRL.OBJ
D:\D\DOCUMENTS\DEV\SRC\C\MYPROJECTS\APPLICATION\CODEVIEW\CODEVIEW_VC2010_20110930_0900\CODEVIEW\RELEASE\GRIDDROPTARGET.OBJ
D:\D\DOCUMENTS\DEV\SRC\C\MYPROJECTS\APPLICATION\CODEVIEW\CODEVIEW_VC2010_20110930_0900\CODEVIEW\RELEASE\INPLACEEDIT.OBJ
D:\d\Documents\dev\src\c\MyProjects\application\codeView\codeView_vc2010_20110930_0900\CodeView\Release\link.command.1.tlog
D:\d\Documents\dev\src\c\MyProjects\application\codeView\codeView_vc2010_20110930_0900\CodeView\Release\link.read.1.tlog
D:\d\Documents\dev\src\c\MyProjects\application\codeView\codeView_vc2010_20110930_0900\CodeView\Release\link.write.1.tlog
D:\d\Documents\dev\src\c\MyProjects\application\codeView\codeView_vc2010_20110930_0900\CodeView\Release\link-cvtres.read.1.tlog
D:\d\Documents\dev\src\c\MyProjects\application\codeView\codeView_vc2010_20110930_0900\CodeView\Release\link-cvtres.write.1.tlog
D:\D\DOCUMENTS\DEV\SRC\C\MYPROJECTS\APPLICATION\CODEVIEW\CODEVIEW_VC2010_20110930_0900\CODEVIEW\RELEASE\MAINFRM.OBJ
D:\d\Documents\dev\src\c\MyProjects\application\codeView\codeView_vc2010_20110930_0900\CodeView\Release\mt.command.1.tlog
D:\d\Documents\dev\src\c\MyProjects\application\codeView\codeView_vc2010_20110930_0900\CodeView\Release\mt.read.1.tlog
D:\d\Documents\dev\src\c\MyProjects\application\codeView\codeView_vc2010_20110930_0900\CodeView\Release\mt.write.1.tlog
D:\d\Documents\dev\src\c\MyProjects\application\codeView\codeView_vc2010_20110930_0900\CodeView\Release\rc.command.1.tlog
D:\d\Documents\dev\src\c\MyProjects\application\codeView\codeView_vc2010_20110930_0900\CodeView\Release\rc.read.1.tlog
D:\d\Documents\dev\src\c\MyProjects\application\codeView\codeView_vc2010_20110930_0900\CodeView\Release\rc.write.1.tlog
D:\D\DOCUMENTS\DEV\SRC\C\MYPROJECTS\APPLICATION\CODEVIEW\CODEVIEW_VC2010_20110930_0900\CODEVIEW\RELEASE\STDAFX.OBJ
D:\D\DOCUMENTS\DEV\SRC\C\MYPROJECTS\APPLICATION\CODEVIEW\CODEVIEW_VC2010_20110930_0900\CODEVIEW\RELEASE\TITLETIP.OBJ
D:\D\DOCUMENTS\DEV\SRC\C\MYPROJECTS\APPLICATION\CODEVIEW\CODEVIEW_VC2010_20110930_0900\CODEVIEW\RELEASE\VC100.PDB
D:\D\DOCUMENTS\DEV\SRC\C\MYPROJECTS\APPLICATION\CODEVIEW\CODEVIEW_VC2010_20110930_0900\RELEASE\CODEVIEW.EXE
D:\D\DOCUMENTS\DEV\SRC\C\MYPROJECTS\APPLICATION\CODEVIEW\CODEVIEW_VC2010_20110930_0900\RELEASE\CODEVIEW.PDB
